TN:
SF:src/novel/novel.controller.ts
FN:13,(anonymous_1)
FN:16,(anonymous_2)
FN:64,(anonymous_3)
FN:71,(anonymous_4)
FN:176,(anonymous_5)
FN:178,(anonymous_6)
FN:184,(anonymous_7)
FN:188,(anonymous_8)
FN:256,(anonymous_9)
FN:656,(anonymous_10)
FN:664,(anonymous_11)
FN:696,(anonymous_12)
FN:710,(anonymous_13)
FN:738,(anonymous_14)
FN:746,(anonymous_15)
FN:772,(anonymous_16)
FN:782,(anonymous_17)
FN:791,(anonymous_18)
FNF:18
FNH:13
FNDA:4,(anonymous_1)
FNDA:1,(anonymous_2)
FNDA:1,(anonymous_3)
FNDA:1,(anonymous_4)
FNDA:0,(anonymous_5)
FNDA:1,(anonymous_6)
FNDA:0,(anonymous_7)
FNDA:1,(anonymous_8)
FNDA:1,(anonymous_9)
FNDA:0,(anonymous_10)
FNDA:0,(anonymous_11)
FNDA:2,(anonymous_12)
FNDA:2,(anonymous_13)
FNDA:0,(anonymous_14)
FNDA:1,(anonymous_15)
FNDA:2,(anonymous_16)
FNDA:1,(anonymous_17)
FNDA:2,(anonymous_18)
DA:2,1
DA:7,1
DA:8,1
DA:11,1
DA:14,4
DA:17,1
DA:19,1
DA:20,1
DA:21,1
DA:22,0
DA:24,1
DA:30,0
DA:36,1
DA:37,1
DA:38,1
DA:39,1
DA:40,1
DA:41,1
DA:43,0
DA:49,0
DA:64,1
DA:70,1
DA:72,1
DA:73,1
DA:75,1
DA:76,1
DA:81,1
DA:176,0
DA:178,1
DA:185,0
DA:188,1
DA:253,1
DA:256,1
DA:262,1
DA:653,1
DA:656,1
DA:661,0
DA:663,0
DA:665,0
DA:670,0
DA:671,0
DA:673,0
DA:674,0
DA:675,0
DA:677,0
DA:679,0
DA:693,0
DA:696,1
DA:700,2
DA:701,2
DA:702,2
DA:703,1
DA:704,1
DA:706,1
DA:710,1
DA:714,2
DA:715,2
DA:718,2
DA:719,2
DA:725,2
DA:726,1
DA:727,0
DA:728,0
DA:730,1
DA:735,1
DA:738,1
DA:739,0
DA:740,0
DA:742,0
DA:745,1
DA:746,1
DA:749,1
DA:759,1
DA:765,1
DA:767,1
DA:768,1
DA:772,1
DA:773,2
DA:774,2
DA:775,1
DA:777,1
DA:778,1
DA:782,1
DA:783,1
DA:784,1
DA:786,0
DA:787,0
DA:791,1
DA:792,2
DA:793,2
DA:794,2
DA:795,1
DA:797,1
DA:798,1
DA:800,0
DA:801,0
LF:96
LH:70
BRDA:21,0,0,0
BRDA:38,1,0,1
BRDA:38,1,1,0
BRDA:72,2,0,1
BRDA:496,3,0,0
BRDA:496,3,1,1
BRDA:514,4,0,0
BRDA:514,4,1,1
BRDA:629,5,0,1
BRDA:629,5,1,1
BRDA:630,6,0,1
BRDA:630,6,1,1
BRDA:635,7,0,1
BRDA:635,7,1,1
BRDA:636,8,0,1
BRDA:636,8,1,1
BRDA:639,9,0,1
BRDA:639,9,1,1
BRDA:640,10,0,1
BRDA:640,10,1,1
BRDA:645,11,0,1
BRDA:645,11,1,1
BRDA:646,12,0,1
BRDA:646,12,1,1
BRDA:661,13,0,0
BRDA:661,14,0,0
BRDA:661,14,1,0
BRDA:661,14,2,0
BRDA:665,15,0,0
BRDA:665,15,1,0
BRDA:677,16,0,0
BRDA:677,16,1,0
BRDA:681,17,0,0
BRDA:681,17,1,0
BRDA:726,18,0,0
BRDA:739,19,0,0
BRDA:746,20,0,1
BRDA:746,20,1,1
BRDA:751,21,0,0
BRDA:751,21,1,1
BRDA:753,22,0,0
BRDA:753,22,1,1
BRDA:794,23,0,1
BRF:43
BRH:25
end_of_record
TN:
SF:src/novel/novel.service.ts
FN:7,(anonymous_1)
FN:28,(anonymous_2)
FN:35,(anonymous_3)
FN:67,(anonymous_4)
FN:80,(anonymous_5)
FN:109,(anonymous_6)
FN:122,(anonymous_7)
FNF:7
FNH:6
FNDA:5,(anonymous_1)
FNDA:1,(anonymous_2)
FNDA:2,(anonymous_3)
FNDA:0,(anonymous_4)
FNDA:2,(anonymous_5)
FNDA:1,(anonymous_6)
FNDA:2,(anonymous_7)
DA:1,2
DA:2,2
DA:3,2
DA:5,2
DA:7,2
DA:8,5
DA:10,5
DA:11,5
DA:13,5
DA:14,5
DA:16,5
DA:17,5
DA:19,5
DA:20,4
DA:25,1
DA:28,2
DA:29,1
DA:30,1
DA:31,1
DA:32,1
DA:35,2
DA:38,2
DA:39,2
DA:40,1
DA:43,1
DA:44,1
DA:46,1
DA:47,1
DA:48,1
DA:50,1
DA:51,1
DA:53,1
DA:54,1
DA:55,0
DA:65,1
DA:68,0
DA:69,0
DA:70,0
DA:71,0
DA:75,1
DA:76,1
DA:80,2
DA:86,2
DA:87,2
DA:88,2
DA:89,2
DA:90,2
DA:92,2
DA:99,2
DA:100,1
DA:103,1
DA:104,1
DA:107,1
DA:109,1
DA:112,1
DA:117,0
DA:118,0
DA:122,2
DA:123,2
DA:124,2
DA:125,2
DA:127,2
DA:128,2
DA:130,2
DA:131,2
DA:133,2
DA:134,2
DA:136,2
DA:137,2
DA:139,2
DA:140,2
DA:142,2
DA:143,2
DA:144,2
DA:145,2
DA:146,1
DA:148,1
DA:150,1
DA:157,1
DA:164,2
DA:166,0
DA:167,0
LF:82
LH:73
BRDA:11,0,0,0
BRDA:16,1,0,5
BRDA:19,2,0,4
BRDA:50,3,0,1
BRDA:54,4,0,0
BRDA:70,5,0,0
BRDA:84,6,0,0
BRDA:99,7,0,1
BRDA:128,8,0,0
BRDA:133,9,0,2
BRDA:137,10,0,0
BRDA:142,11,0,2
BRF:12
BRH:6
end_of_record
TN:
SF:src/orama/orama.service.ts
FN:7,(anonymous_1)
FN:25,(anonymous_2)
FNF:2
FNH:1
FNDA:1,(anonymous_1)
FNDA:0,(anonymous_2)
DA:1,1
DA:2,1
DA:4,1
DA:7,1
DA:8,1
DA:9,1
DA:12,0
DA:13,0
DA:16,0
DA:22,1
DA:25,1
DA:32,0
DA:33,0
DA:34,0
DA:37,0
DA:38,0
DA:41,0
DA:48,0
DA:49,0
DA:50,0
DA:51,0
DA:52,0
DA:54,0
DA:55,0
LF:24
LH:8
BRDA:8,0,0,1
BRDA:12,1,0,0
BRDA:12,2,0,0
BRDA:12,2,1,0
BRDA:27,3,0,0
BRDA:33,4,0,0
BRDA:37,5,0,0
BRDA:52,6,0,0
BRDA:52,6,1,0
BRF:9
BRH:1
end_of_record
